c:\users\gunko\onedrive\study\6th_sem\ris\rs_lr2\ris_2\ris_2\debug\ris_2.pch
c:\users\gunko\onedrive\study\6th_sem\ris\rs_lr2\ris_2\ris_2\debug\vc142.pdb
c:\users\gunko\onedrive\study\6th_sem\ris\rs_lr2\ris_2\ris_2\debug\vc142.idb
c:\users\gunko\onedrive\study\6th_sem\ris\rs_lr2\ris_2\ris_2\debug\pch.obj
c:\users\gunko\onedrive\study\6th_sem\ris\rs_lr2\ris_2\ris_2\debug\ris_2.obj
c:\users\gunko\onedrive\study\6th_sem\ris\rs_lr2\ris_2\debug\ris_2.exe
c:\users\gunko\onedrive\study\6th_sem\ris\rs_lr2\ris_2\debug\ris_2.ilk
c:\users\gunko\onedrive\study\6th_sem\ris\rs_lr2\ris_2\debug\ris_2.pdb
d:\university\6_sem\dis\labs\ris_2\ris_2\debug\pch.obj
d:\university\6_sem\dis\labs\ris_2\ris_2\debug\ris_2.obj
d:\university\6_sem\dis\labs\ris_2\ris_2\debug\ris_2.pch
d:\university\6_sem\dis\labs\ris_2\ris_2\debug\vc141.idb
d:\university\6_sem\dis\labs\ris_2\ris_2\debug\vc142.idb
d:\university\6_sem\dis\labs\ris_2\ris_2\debug\vc141.pdb
d:\university\6_sem\dis\labs\ris_2\ris_2\debug\vc142.pdb
d:\university\6_sem\dis\labs\ris_2\debug\ris_2.pdb
d:\university\6_sem\dis\labs\ris_2\debug\ris_2.exe
d:\university\6_sem\dis\labs\ris_2\debug\ris_2.ilk
d:\university\6_sem\dis\labs\ris_2\ris_2\debug\ris_2.tlog\cl.command.1.tlog
d:\university\6_sem\dis\labs\ris_2\ris_2\debug\ris_2.tlog\cl.read.1.tlog
d:\university\6_sem\dis\labs\ris_2\ris_2\debug\ris_2.tlog\cl.write.1.tlog
d:\university\6_sem\dis\labs\ris_2\ris_2\debug\ris_2.tlog\link.command.1.tlog
d:\university\6_sem\dis\labs\ris_2\ris_2\debug\ris_2.tlog\link.read.1.tlog
d:\university\6_sem\dis\labs\ris_2\ris_2\debug\ris_2.tlog\link.write.1.tlog
