[2021-04-19T20:46:21.870] [DEBUG] default - create entity
[2021-04-19T20:46:21.887] [DEBUG] default - create entity
[2021-04-19T20:46:21.888] [DEBUG] default - create entity
[2021-04-19T20:46:21.888] [DEBUG] default - create entity
[2021-04-19T20:46:21.888] [DEBUG] default - create entity
[2021-04-19T20:46:21.889] [DEBUG] default - create entity
[2021-04-19T20:46:21.889] [DEBUG] default - create entity
[2021-04-19T20:46:21.889] [DEBUG] default - create entity
[2021-04-19T20:46:21.889] [DEBUG] default - create entity
[2021-04-19T20:46:21.889] [DEBUG] default - create entity
[2021-04-19T20:46:41.879] [DEBUG] default - truncate db
[2021-04-19T20:47:01.879] [DEBUG] default - create entity
[2021-04-19T20:47:01.879] [DEBUG] default - create entity
[2021-04-19T20:47:01.880] [DEBUG] default - create entity
[2021-04-19T20:47:01.880] [DEBUG] default - create entity
[2021-04-19T20:47:01.880] [DEBUG] default - create entity
[2021-04-19T20:47:01.880] [DEBUG] default - create entity
[2021-04-19T20:47:01.880] [DEBUG] default - create entity
[2021-04-19T20:47:01.880] [DEBUG] default - create entity
[2021-04-19T20:47:01.880] [DEBUG] default - create entity
[2021-04-19T20:47:01.881] [DEBUG] default - create entity
[2021-04-19T20:47:21.879] [DEBUG] default - truncate db
[2021-04-19T20:47:41.880] [DEBUG] default - create entity
[2021-04-19T20:47:41.880] [DEBUG] default - create entity
[2021-04-19T20:47:41.880] [DEBUG] default - create entity
[2021-04-19T20:47:41.880] [DEBUG] default - create entity
[2021-04-19T20:47:41.881] [DEBUG] default - create entity
[2021-04-19T20:47:41.881] [DEBUG] default - create entity
[2021-04-19T20:47:41.881] [DEBUG] default - create entity
[2021-04-19T20:47:41.881] [DEBUG] default - create entity
[2021-04-19T20:47:41.881] [DEBUG] default - create entity
[2021-04-19T20:47:41.881] [DEBUG] default - create entity
[2021-04-19T20:48:01.893] [DEBUG] default - truncate db
[2021-04-19T20:48:21.894] [DEBUG] default - create entity
[2021-04-19T20:48:21.894] [DEBUG] default - create entity
[2021-04-19T20:48:21.894] [DEBUG] default - create entity
[2021-04-19T20:48:21.894] [DEBUG] default - create entity
[2021-04-19T20:48:21.895] [DEBUG] default - create entity
[2021-04-19T20:48:21.895] [DEBUG] default - create entity
[2021-04-19T20:48:21.895] [DEBUG] default - create entity
[2021-04-19T20:48:21.895] [DEBUG] default - create entity
[2021-04-19T20:48:21.895] [DEBUG] default - create entity
[2021-04-19T20:48:21.895] [DEBUG] default - create entity
[2021-04-19T20:48:41.908] [DEBUG] default - truncate db
[2021-04-19T20:49:01.910] [DEBUG] default - create entity
[2021-04-19T20:49:01.910] [DEBUG] default - create entity
[2021-04-19T20:49:01.910] [DEBUG] default - create entity
[2021-04-19T20:49:01.910] [DEBUG] default - create entity
[2021-04-19T20:49:01.910] [DEBUG] default - create entity
[2021-04-19T20:49:01.910] [DEBUG] default - create entity
[2021-04-19T20:49:01.911] [DEBUG] default - create entity
[2021-04-19T20:49:01.911] [DEBUG] default - create entity
[2021-04-19T20:49:01.911] [DEBUG] default - create entity
[2021-04-19T20:49:01.911] [DEBUG] default - create entity
[2021-04-19T20:49:21.923] [DEBUG] default - truncate db
[2021-04-19T20:49:41.926] [DEBUG] default - create entity
[2021-04-19T20:49:41.926] [DEBUG] default - create entity
[2021-04-19T20:49:41.926] [DEBUG] default - create entity
[2021-04-19T20:49:41.927] [DEBUG] default - create entity
[2021-04-19T20:49:41.927] [DEBUG] default - create entity
[2021-04-19T20:49:41.927] [DEBUG] default - create entity
[2021-04-19T20:49:41.927] [DEBUG] default - create entity
[2021-04-19T20:49:41.927] [DEBUG] default - create entity
[2021-04-19T20:49:41.927] [DEBUG] default - create entity
[2021-04-19T20:49:41.927] [DEBUG] default - create entity
[2021-04-19T20:50:01.926] [DEBUG] default - truncate db
[2021-04-19T20:50:21.926] [DEBUG] default - create entity
[2021-04-19T20:50:21.926] [DEBUG] default - create entity
[2021-04-19T20:50:21.926] [DEBUG] default - create entity
[2021-04-19T20:50:21.926] [DEBUG] default - create entity
[2021-04-19T20:50:21.926] [DEBUG] default - create entity
[2021-04-19T20:50:21.927] [DEBUG] default - create entity
[2021-04-19T20:50:21.927] [DEBUG] default - create entity
[2021-04-19T20:50:21.927] [DEBUG] default - create entity
[2021-04-19T20:50:21.927] [DEBUG] default - create entity
[2021-04-19T20:50:21.929] [DEBUG] default - create entity
[2021-04-19T20:50:41.940] [DEBUG] default - truncate db
[2021-04-19T20:51:01.944] [DEBUG] default - create entity
[2021-04-19T20:51:01.944] [DEBUG] default - create entity
[2021-04-19T20:51:01.945] [DEBUG] default - create entity
[2021-04-19T20:51:01.945] [DEBUG] default - create entity
[2021-04-19T20:51:01.945] [DEBUG] default - create entity
[2021-04-19T20:51:01.945] [DEBUG] default - create entity
[2021-04-19T20:51:01.945] [DEBUG] default - create entity
[2021-04-19T20:51:01.945] [DEBUG] default - create entity
[2021-04-19T20:51:01.945] [DEBUG] default - create entity
[2021-04-19T20:51:01.945] [DEBUG] default - create entity
[2021-04-19T20:51:21.954] [DEBUG] default - truncate db
[2021-04-19T20:51:35.856] [DEBUG] default - Add
[2021-04-19T20:51:41.955] [DEBUG] default - create entity
[2021-04-19T20:51:41.955] [DEBUG] default - create entity
[2021-04-19T20:51:41.955] [DEBUG] default - create entity
[2021-04-19T20:51:41.955] [DEBUG] default - create entity
[2021-04-19T20:51:41.955] [DEBUG] default - create entity
[2021-04-19T20:51:41.955] [DEBUG] default - create entity
[2021-04-19T20:51:41.955] [DEBUG] default - create entity
[2021-04-19T20:51:41.956] [DEBUG] default - create entity
[2021-04-19T20:51:41.956] [DEBUG] default - create entity
[2021-04-19T20:51:41.956] [DEBUG] default - create entity
[2021-04-19T20:51:45.836] [DEBUG] default - Add
[2021-04-19T20:51:55.848] [DEBUG] default - Add
[2021-04-19T20:52:01.955] [DEBUG] default - truncate db
[2021-04-19T20:52:05.848] [DEBUG] default - Add
[2021-04-19T20:52:15.849] [DEBUG] default - Add
[2021-04-19T20:52:21.958] [DEBUG] default - create entity
[2021-04-19T20:52:21.958] [DEBUG] default - create entity
[2021-04-19T20:52:21.958] [DEBUG] default - create entity
[2021-04-19T20:52:21.958] [DEBUG] default - create entity
[2021-04-19T20:52:21.959] [DEBUG] default - create entity
[2021-04-19T20:52:21.959] [DEBUG] default - create entity
[2021-04-19T20:52:21.959] [DEBUG] default - create entity
[2021-04-19T20:52:21.959] [DEBUG] default - create entity
[2021-04-19T20:52:21.959] [DEBUG] default - create entity
[2021-04-19T20:52:21.959] [DEBUG] default - create entity
[2021-04-19T20:52:25.849] [DEBUG] default - Add
[2021-04-19T20:52:35.849] [DEBUG] default - Add
[2021-04-19T20:52:41.973] [DEBUG] default - truncate db
[2021-04-19T20:52:45.849] [DEBUG] default - Add
[2021-04-19T20:52:55.858] [DEBUG] default - Add
[2021-04-19T20:53:01.987] [DEBUG] default - create entity
[2021-04-19T20:53:01.987] [DEBUG] default - create entity
[2021-04-19T20:53:01.988] [DEBUG] default - create entity
[2021-04-19T20:53:01.988] [DEBUG] default - create entity
[2021-04-19T20:53:01.988] [DEBUG] default - create entity
[2021-04-19T20:53:01.988] [DEBUG] default - create entity
[2021-04-19T20:53:01.988] [DEBUG] default - create entity
[2021-04-19T20:53:01.988] [DEBUG] default - create entity
[2021-04-19T20:53:01.988] [DEBUG] default - create entity
[2021-04-19T20:53:01.988] [DEBUG] default - create entity
[2021-04-19T20:53:05.864] [DEBUG] default - Add
[2021-04-19T20:53:15.866] [DEBUG] default - Add
[2021-04-19T20:53:21.987] [DEBUG] default - truncate db
[2021-04-19T20:53:25.879] [DEBUG] default - Add
[2021-04-19T20:53:35.891] [DEBUG] default - Add
[2021-04-19T20:53:42.002] [DEBUG] default - create entity
[2021-04-19T20:53:42.002] [DEBUG] default - create entity
[2021-04-19T20:53:42.002] [DEBUG] default - create entity
[2021-04-19T20:53:42.002] [DEBUG] default - create entity
[2021-04-19T20:53:42.002] [DEBUG] default - create entity
[2021-04-19T20:53:42.002] [DEBUG] default - create entity
[2021-04-19T20:53:42.002] [DEBUG] default - create entity
[2021-04-19T20:53:42.002] [DEBUG] default - create entity
[2021-04-19T20:53:42.002] [DEBUG] default - create entity
[2021-04-19T20:53:42.002] [DEBUG] default - create entity
[2021-04-19T20:53:45.897] [DEBUG] default - Add
[2021-04-19T20:53:55.912] [DEBUG] default - Add
[2021-04-19T20:54:02.004] [DEBUG] default - truncate db
[2021-04-19T20:54:05.913] [DEBUG] default - Add
[2021-04-19T20:54:15.927] [DEBUG] default - Add
[2021-04-19T20:54:22.006] [DEBUG] default - create entity
[2021-04-19T20:54:22.006] [DEBUG] default - create entity
[2021-04-19T20:54:22.006] [DEBUG] default - create entity
[2021-04-19T20:54:22.006] [DEBUG] default - create entity
[2021-04-19T20:54:22.006] [DEBUG] default - create entity
[2021-04-19T20:54:22.006] [DEBUG] default - create entity
[2021-04-19T20:54:22.006] [DEBUG] default - create entity
[2021-04-19T20:54:22.007] [DEBUG] default - create entity
[2021-04-19T20:54:22.007] [DEBUG] default - create entity
[2021-04-19T20:54:22.007] [DEBUG] default - create entity
[2021-04-19T20:54:25.941] [DEBUG] default - Add
[2021-04-19T20:54:35.943] [DEBUG] default - Add
[2021-04-19T20:54:42.020] [DEBUG] default - truncate db
[2021-04-19T20:54:45.944] [DEBUG] default - Add
[2021-04-19T20:54:55.954] [DEBUG] default - Add
[2021-04-19T20:55:02.035] [DEBUG] default - create entity
[2021-04-19T20:55:02.036] [DEBUG] default - create entity
[2021-04-19T20:55:02.036] [DEBUG] default - create entity
[2021-04-19T20:55:02.036] [DEBUG] default - create entity
[2021-04-19T20:55:02.036] [DEBUG] default - create entity
[2021-04-19T20:55:02.036] [DEBUG] default - create entity
[2021-04-19T20:55:02.036] [DEBUG] default - create entity
[2021-04-19T20:55:02.036] [DEBUG] default - create entity
[2021-04-19T20:55:02.036] [DEBUG] default - create entity
[2021-04-19T20:55:02.036] [DEBUG] default - create entity
[2021-04-19T20:55:05.958] [DEBUG] default - Add
[2021-04-19T20:55:15.959] [DEBUG] default - Add
[2021-04-19T20:55:22.037] [DEBUG] default - truncate db
[2021-04-19T20:55:25.974] [DEBUG] default - Add
[2021-04-19T20:55:35.975] [DEBUG] default - Add
[2021-04-19T20:55:42.037] [DEBUG] default - create entity
[2021-04-19T20:55:42.037] [DEBUG] default - create entity
[2021-04-19T20:55:42.037] [DEBUG] default - create entity
[2021-04-19T20:55:42.037] [DEBUG] default - create entity
[2021-04-19T20:55:42.037] [DEBUG] default - create entity
[2021-04-19T20:55:42.038] [DEBUG] default - create entity
[2021-04-19T20:55:42.038] [DEBUG] default - create entity
[2021-04-19T20:55:42.038] [DEBUG] default - create entity
[2021-04-19T20:55:42.038] [DEBUG] default - create entity
[2021-04-19T20:55:42.038] [DEBUG] default - create entity
[2021-04-19T20:55:45.990] [DEBUG] default - Add
[2021-04-19T20:55:55.992] [DEBUG] default - Add
[2021-04-19T20:56:02.047] [DEBUG] default - truncate db
[2021-04-19T20:56:06.006] [DEBUG] default - Add
[2021-04-19T20:56:16.020] [DEBUG] default - Add
[2021-04-19T20:56:22.051] [DEBUG] default - create entity
[2021-04-19T20:56:22.051] [DEBUG] default - create entity
[2021-04-19T20:56:22.051] [DEBUG] default - create entity
[2021-04-19T20:56:22.051] [DEBUG] default - create entity
[2021-04-19T20:56:22.051] [DEBUG] default - create entity
[2021-04-19T20:56:22.052] [DEBUG] default - create entity
[2021-04-19T20:56:22.052] [DEBUG] default - create entity
[2021-04-19T20:56:22.052] [DEBUG] default - create entity
[2021-04-19T20:56:22.052] [DEBUG] default - create entity
[2021-04-19T20:56:22.052] [DEBUG] default - create entity
[2021-04-19T20:56:26.022] [DEBUG] default - Add
[2021-04-19T20:56:36.035] [DEBUG] default - Add
[2021-04-19T20:56:42.061] [DEBUG] default - truncate db
[2021-04-19T20:56:46.049] [DEBUG] default - Add
[2021-04-19T20:56:56.054] [DEBUG] default - Add
[2021-04-19T20:57:02.066] [DEBUG] default - create entity
[2021-04-19T20:57:02.066] [DEBUG] default - create entity
[2021-04-19T20:57:02.066] [DEBUG] default - create entity
[2021-04-19T20:57:02.067] [DEBUG] default - create entity
[2021-04-19T20:57:02.067] [DEBUG] default - create entity
[2021-04-19T20:57:02.067] [DEBUG] default - create entity
[2021-04-19T20:57:02.067] [DEBUG] default - create entity
[2021-04-19T20:57:02.067] [DEBUG] default - create entity
[2021-04-19T20:57:02.067] [DEBUG] default - create entity
[2021-04-19T20:57:02.067] [DEBUG] default - create entity
[2021-04-19T20:57:06.054] [DEBUG] default - Add
[2021-04-19T20:57:16.070] [DEBUG] default - Add
[2021-04-19T20:57:22.067] [DEBUG] default - truncate db
[2021-04-19T20:57:26.073] [DEBUG] default - Add
[2021-04-19T20:57:36.081] [DEBUG] default - Add
[2021-04-19T20:57:42.082] [DEBUG] default - create entity
[2021-04-19T20:57:42.082] [DEBUG] default - create entity
[2021-04-19T20:57:42.082] [DEBUG] default - create entity
[2021-04-19T20:57:42.083] [DEBUG] default - create entity
[2021-04-19T20:57:42.083] [DEBUG] default - create entity
[2021-04-19T20:57:42.083] [DEBUG] default - create entity
[2021-04-19T20:57:42.083] [DEBUG] default - create entity
[2021-04-19T20:57:42.083] [DEBUG] default - create entity
[2021-04-19T20:57:42.083] [DEBUG] default - create entity
[2021-04-19T20:57:42.083] [DEBUG] default - create entity
[2021-04-19T20:57:46.089] [DEBUG] default - Add
[2021-04-19T20:57:56.100] [DEBUG] default - Add
[2021-04-19T20:58:02.084] [DEBUG] default - truncate db
[2021-04-19T20:58:06.112] [DEBUG] default - Add
[2021-04-19T20:58:16.112] [DEBUG] default - Add
[2021-04-19T20:58:22.097] [DEBUG] default - create entity
[2021-04-19T20:58:22.097] [DEBUG] default - create entity
[2021-04-19T20:58:22.097] [DEBUG] default - create entity
[2021-04-19T20:58:22.097] [DEBUG] default - create entity
[2021-04-19T20:58:22.098] [DEBUG] default - create entity
[2021-04-19T20:58:22.098] [DEBUG] default - create entity
[2021-04-19T20:58:22.098] [DEBUG] default - create entity
[2021-04-19T20:58:22.098] [DEBUG] default - create entity
[2021-04-19T20:58:22.098] [DEBUG] default - create entity
[2021-04-19T20:58:22.098] [DEBUG] default - create entity
[2021-04-19T20:58:26.114] [DEBUG] default - Add
[2021-04-19T20:58:36.118] [DEBUG] default - Add
[2021-04-19T20:58:42.113] [DEBUG] default - truncate db
[2021-04-19T20:58:46.131] [DEBUG] default - Add
[2021-04-19T20:58:56.132] [DEBUG] default - Add
[2021-04-19T20:59:02.115] [DEBUG] default - create entity
[2021-04-19T20:59:02.115] [DEBUG] default - create entity
[2021-04-19T20:59:02.116] [DEBUG] default - create entity
[2021-04-19T20:59:02.116] [DEBUG] default - create entity
[2021-04-19T20:59:02.116] [DEBUG] default - create entity
[2021-04-19T20:59:02.116] [DEBUG] default - create entity
[2021-04-19T20:59:02.116] [DEBUG] default - create entity
[2021-04-19T20:59:02.116] [DEBUG] default - create entity
[2021-04-19T20:59:02.116] [DEBUG] default - create entity
[2021-04-19T20:59:02.117] [DEBUG] default - create entity
[2021-04-19T20:59:06.146] [DEBUG] default - Add
[2021-04-19T20:59:16.147] [DEBUG] default - Add
[2021-04-19T20:59:22.128] [DEBUG] default - truncate db
[2021-04-19T20:59:26.161] [DEBUG] default - Add
[2021-04-19T20:59:36.163] [DEBUG] default - Add
[2021-04-19T20:59:42.128] [DEBUG] default - create entity
[2021-04-19T20:59:42.129] [DEBUG] default - create entity
[2021-04-19T20:59:42.129] [DEBUG] default - create entity
[2021-04-19T20:59:42.129] [DEBUG] default - create entity
[2021-04-19T20:59:42.129] [DEBUG] default - create entity
[2021-04-19T20:59:42.129] [DEBUG] default - create entity
[2021-04-19T20:59:42.129] [DEBUG] default - create entity
[2021-04-19T20:59:42.129] [DEBUG] default - create entity
[2021-04-19T20:59:42.129] [DEBUG] default - create entity
[2021-04-19T20:59:42.129] [DEBUG] default - create entity
[2021-04-19T20:59:46.161] [DEBUG] default - Add
[2021-04-19T20:59:56.165] [DEBUG] default - Add
[2021-04-19T21:00:02.141] [DEBUG] default - truncate db
[2021-04-19T21:00:06.176] [DEBUG] default - Add
[2021-04-19T21:00:16.179] [DEBUG] default - Add
[2021-04-19T21:00:22.143] [DEBUG] default - create entity
[2021-04-19T21:00:22.144] [DEBUG] default - create entity
[2021-04-19T21:00:22.144] [DEBUG] default - create entity
[2021-04-19T21:00:22.144] [DEBUG] default - create entity
[2021-04-19T21:00:22.144] [DEBUG] default - create entity
[2021-04-19T21:00:22.144] [DEBUG] default - create entity
[2021-04-19T21:00:22.144] [DEBUG] default - create entity
[2021-04-19T21:00:22.144] [DEBUG] default - create entity
[2021-04-19T21:00:22.144] [DEBUG] default - create entity
[2021-04-19T21:00:22.144] [DEBUG] default - create entity
[2021-04-19T21:00:26.178] [DEBUG] default - Add
[2021-04-19T21:00:36.195] [DEBUG] default - Add
[2021-04-19T21:00:42.158] [DEBUG] default - truncate db
[2021-04-19T21:00:46.207] [DEBUG] default - Add
[2021-04-19T21:00:56.208] [DEBUG] default - Add
[2021-04-19T21:01:02.162] [DEBUG] default - create entity
[2021-04-19T21:01:02.162] [DEBUG] default - create entity
[2021-04-19T21:01:02.162] [DEBUG] default - create entity
[2021-04-19T21:01:02.162] [DEBUG] default - create entity
[2021-04-19T21:01:02.163] [DEBUG] default - create entity
[2021-04-19T21:01:02.163] [DEBUG] default - create entity
[2021-04-19T21:01:02.163] [DEBUG] default - create entity
[2021-04-19T21:01:02.163] [DEBUG] default - create entity
[2021-04-19T21:01:02.163] [DEBUG] default - create entity
[2021-04-19T21:01:02.163] [DEBUG] default - create entity
[2021-04-19T21:01:06.220] [DEBUG] default - Add
[2021-04-19T21:01:16.223] [DEBUG] default - Add
[2021-04-19T21:01:22.171] [DEBUG] default - truncate db
[2021-04-19T21:01:26.225] [DEBUG] default - Add
[2021-04-19T21:01:36.239] [DEBUG] default - Add
[2021-04-19T21:01:42.172] [DEBUG] default - create entity
[2021-04-19T21:01:42.172] [DEBUG] default - create entity
[2021-04-19T21:01:42.173] [DEBUG] default - create entity
[2021-04-19T21:01:42.173] [DEBUG] default - create entity
[2021-04-19T21:01:42.173] [DEBUG] default - create entity
[2021-04-19T21:01:42.173] [DEBUG] default - create entity
[2021-04-19T21:01:42.173] [DEBUG] default - create entity
[2021-04-19T21:01:42.173] [DEBUG] default - create entity
[2021-04-19T21:01:42.173] [DEBUG] default - create entity
[2021-04-19T21:01:42.173] [DEBUG] default - create entity
[2021-04-19T21:01:46.243] [DEBUG] default - Add
[2021-04-19T21:01:56.257] [DEBUG] default - Add
[2021-04-19T21:02:02.175] [DEBUG] default - truncate db
[2021-04-19T21:02:06.270] [DEBUG] default - Add
[2021-04-19T21:02:16.284] [DEBUG] default - Add
[2021-04-19T21:02:22.192] [DEBUG] default - create entity
[2021-04-19T21:02:22.192] [DEBUG] default - create entity
[2021-04-19T21:02:22.192] [DEBUG] default - create entity
[2021-04-19T21:02:22.192] [DEBUG] default - create entity
[2021-04-19T21:02:22.192] [DEBUG] default - create entity
[2021-04-19T21:02:22.192] [DEBUG] default - create entity
[2021-04-19T21:02:22.192] [DEBUG] default - create entity
[2021-04-19T21:02:22.192] [DEBUG] default - create entity
[2021-04-19T21:02:22.194] [DEBUG] default - create entity
[2021-04-19T21:02:22.194] [DEBUG] default - create entity
[2021-04-19T21:02:26.289] [DEBUG] default - Add
[2021-04-19T21:02:27.656] [DEBUG] default - restore from central data base
[2021-04-19T21:02:27.684] [DEBUG] default - restore [object Object]
[2021-04-19T21:02:27.689] [DEBUG] default - restore [object Object]
[2021-04-19T21:02:27.693] [DEBUG] default - restore [object Object]
[2021-04-19T21:02:27.697] [DEBUG] default - restore [object Object]
[2021-04-19T21:02:27.702] [DEBUG] default - restore [object Object]
[2021-04-19T21:02:36.288] [DEBUG] default - Add
[2021-04-19T21:02:42.205] [DEBUG] default - create entity
[2021-04-19T21:02:42.206] [DEBUG] default - create entity
[2021-04-19T21:02:42.206] [DEBUG] default - create entity
[2021-04-19T21:02:42.206] [DEBUG] default - create entity
[2021-04-19T21:02:42.206] [DEBUG] default - create entity
[2021-04-19T21:02:46.302] [DEBUG] default - Add
[2021-04-19T21:02:56.303] [DEBUG] default - Add
[2021-04-19T21:03:02.207] [DEBUG] default - truncate db
[2021-04-19T21:03:06.303] [DEBUG] default - Add
[2021-04-19T21:03:16.304] [DEBUG] default - Add
[2021-04-19T21:03:22.207] [DEBUG] default - create entity
[2021-04-19T21:03:22.207] [DEBUG] default - create entity
[2021-04-19T21:03:22.207] [DEBUG] default - create entity
[2021-04-19T21:03:22.208] [DEBUG] default - create entity
[2021-04-19T21:03:22.208] [DEBUG] default - create entity
[2021-04-19T21:03:22.208] [DEBUG] default - create entity
[2021-04-19T21:03:22.209] [DEBUG] default - create entity
[2021-04-19T21:03:22.209] [DEBUG] default - create entity
[2021-04-19T21:03:22.209] [DEBUG] default - create entity
[2021-04-19T21:03:22.209] [DEBUG] default - create entity
[2021-04-19T21:03:26.319] [DEBUG] default - Add
[2021-04-19T21:03:36.333] [DEBUG] default - Add
[2021-04-19T21:03:42.222] [DEBUG] default - truncate db
[2021-04-19T21:03:46.335] [DEBUG] default - Add
[2021-04-19T21:03:56.335] [DEBUG] default - Add
[2021-04-19T21:04:02.223] [DEBUG] default - create entity
[2021-04-19T21:04:02.223] [DEBUG] default - create entity
[2021-04-19T21:04:02.223] [DEBUG] default - create entity
[2021-04-19T21:04:02.223] [DEBUG] default - create entity
[2021-04-19T21:04:02.223] [DEBUG] default - create entity
[2021-04-19T21:04:02.223] [DEBUG] default - create entity
[2021-04-19T21:04:02.223] [DEBUG] default - create entity
[2021-04-19T21:04:02.223] [DEBUG] default - create entity
[2021-04-19T21:04:02.223] [DEBUG] default - create entity
[2021-04-19T21:04:02.223] [DEBUG] default - create entity
[2021-04-19T21:04:06.349] [DEBUG] default - Add
[2021-04-19T21:04:16.350] [DEBUG] default - Add
[2021-04-19T21:04:22.226] [DEBUG] default - truncate db
[2021-04-19T21:04:26.364] [DEBUG] default - Add
[2021-04-20T10:10:20.600] [DEBUG] default - create entity
[2021-04-20T10:10:20.615] [DEBUG] default - create entity
[2021-04-20T10:10:20.615] [DEBUG] default - create entity
[2021-04-20T10:10:20.616] [DEBUG] default - create entity
[2021-04-20T10:10:20.616] [DEBUG] default - create entity
[2021-04-20T10:10:20.617] [DEBUG] default - create entity
[2021-04-20T10:10:20.618] [DEBUG] default - create entity
[2021-04-20T10:10:20.618] [DEBUG] default - create entity
[2021-04-20T10:10:20.619] [DEBUG] default - create entity
[2021-04-20T10:10:20.619] [DEBUG] default - create entity
[2021-04-20T10:10:40.600] [DEBUG] default - truncate db
[2021-04-20T10:11:00.607] [DEBUG] default - create entity
[2021-04-20T10:11:00.608] [DEBUG] default - create entity
[2021-04-20T10:11:00.608] [DEBUG] default - create entity
[2021-04-20T10:11:00.609] [DEBUG] default - create entity
[2021-04-20T10:11:00.610] [DEBUG] default - create entity
[2021-04-20T10:11:00.610] [DEBUG] default - create entity
[2021-04-20T10:11:00.611] [DEBUG] default - create entity
[2021-04-20T10:11:00.611] [DEBUG] default - create entity
[2021-04-20T10:11:00.612] [DEBUG] default - create entity
[2021-04-20T10:11:00.612] [DEBUG] default - create entity
[2021-04-20T10:11:20.619] [DEBUG] default - truncate db
[2021-04-20T10:11:40.625] [DEBUG] default - create entity
[2021-04-20T10:11:40.626] [DEBUG] default - create entity
[2021-04-20T10:11:40.626] [DEBUG] default - create entity
[2021-04-20T10:11:40.627] [DEBUG] default - create entity
[2021-04-20T10:11:40.628] [DEBUG] default - create entity
[2021-04-20T10:11:40.628] [DEBUG] default - create entity
[2021-04-20T10:11:40.629] [DEBUG] default - create entity
[2021-04-20T10:11:40.629] [DEBUG] default - create entity
[2021-04-20T10:11:40.630] [DEBUG] default - create entity
[2021-04-20T10:11:40.630] [DEBUG] default - create entity
[2021-04-20T10:12:00.625] [DEBUG] default - truncate db
[2021-04-20T10:12:20.639] [DEBUG] default - create entity
[2021-04-20T10:12:20.640] [DEBUG] default - create entity
[2021-04-20T10:12:20.640] [DEBUG] default - create entity
[2021-04-20T10:12:20.641] [DEBUG] default - create entity
[2021-04-20T10:12:20.641] [DEBUG] default - create entity
[2021-04-20T10:12:20.642] [DEBUG] default - create entity
[2021-04-20T10:12:20.642] [DEBUG] default - create entity
[2021-04-20T10:12:20.643] [DEBUG] default - create entity
[2021-04-20T10:12:20.643] [DEBUG] default - create entity
[2021-04-20T10:12:20.644] [DEBUG] default - create entity
[2021-04-20T10:12:40.654] [DEBUG] default - truncate db
[2021-04-20T10:12:57.372] [DEBUG] default - Add
[2021-04-20T10:13:00.668] [DEBUG] default - create entity
[2021-04-20T10:13:00.669] [DEBUG] default - create entity
[2021-04-20T10:13:00.669] [DEBUG] default - create entity
[2021-04-20T10:13:00.670] [DEBUG] default - create entity
[2021-04-20T10:13:00.670] [DEBUG] default - create entity
[2021-04-20T10:13:00.671] [DEBUG] default - create entity
[2021-04-20T10:13:00.671] [DEBUG] default - create entity
[2021-04-20T10:13:00.672] [DEBUG] default - create entity
[2021-04-20T10:13:00.672] [DEBUG] default - create entity
[2021-04-20T10:13:00.673] [DEBUG] default - create entity
[2021-04-20T10:13:07.307] [DEBUG] default - Add
[2021-04-20T10:13:17.315] [DEBUG] default - Add
[2021-04-20T10:13:20.679] [DEBUG] default - truncate db
[2021-04-20T10:13:27.318] [DEBUG] default - Add
[2021-04-20T10:13:37.318] [DEBUG] default - Add
[2021-04-20T10:13:40.692] [DEBUG] default - create entity
[2021-04-20T10:13:40.693] [DEBUG] default - create entity
[2021-04-20T10:13:40.693] [DEBUG] default - create entity
[2021-04-20T10:13:40.694] [DEBUG] default - create entity
[2021-04-20T10:13:40.694] [DEBUG] default - create entity
[2021-04-20T10:13:40.695] [DEBUG] default - create entity
[2021-04-20T10:13:40.695] [DEBUG] default - create entity
[2021-04-20T10:13:40.696] [DEBUG] default - create entity
[2021-04-20T10:13:40.696] [DEBUG] default - create entity
[2021-04-20T10:13:40.697] [DEBUG] default - create entity
[2021-04-20T10:13:45.616] [DEBUG] default - restore from central data base
[2021-04-20T10:13:45.659] [DEBUG] default - restore [object Object]
[2021-04-20T10:13:45.670] [DEBUG] default - restore [object Object]
[2021-04-20T10:13:45.682] [DEBUG] default - restore [object Object]
[2021-04-20T10:13:45.692] [DEBUG] default - restore [object Object]
[2021-04-20T10:13:45.708] [DEBUG] default - restore [object Object]
[2021-04-20T10:13:47.327] [DEBUG] default - Add
[2021-04-20T10:13:57.332] [DEBUG] default - Add
[2021-04-20T10:14:00.695] [DEBUG] default - create entity
[2021-04-20T10:14:00.696] [DEBUG] default - create entity
[2021-04-20T10:14:00.696] [DEBUG] default - create entity
[2021-04-20T10:14:00.697] [DEBUG] default - create entity
[2021-04-20T10:14:00.697] [DEBUG] default - create entity
[2021-04-20T10:14:07.333] [DEBUG] default - Add
[2021-04-20T10:14:17.342] [DEBUG] default - Add
[2021-04-20T10:14:20.698] [DEBUG] default - truncate db
[2021-04-20T10:14:27.349] [DEBUG] default - Add
[2021-04-20T10:14:37.367] [DEBUG] default - Add
[2021-04-20T10:14:40.713] [DEBUG] default - create entity
[2021-04-20T10:14:40.713] [DEBUG] default - create entity
[2021-04-20T10:14:40.714] [DEBUG] default - create entity
[2021-04-20T10:14:40.714] [DEBUG] default - create entity
[2021-04-20T10:14:40.715] [DEBUG] default - create entity
[2021-04-20T10:14:40.715] [DEBUG] default - create entity
[2021-04-20T10:14:40.716] [DEBUG] default - create entity
[2021-04-20T10:14:40.717] [DEBUG] default - create entity
[2021-04-20T10:14:40.718] [DEBUG] default - create entity
[2021-04-20T10:14:40.718] [DEBUG] default - create entity
