c:\users\gunko\onedrive\study\6th_sem\ris\rs_lr2\ris_2\ris_2_server\debug\ris_2_server.pch
c:\users\gunko\onedrive\study\6th_sem\ris\rs_lr2\ris_2\ris_2_server\debug\vc142.pdb
c:\users\gunko\onedrive\study\6th_sem\ris\rs_lr2\ris_2\ris_2_server\debug\vc142.idb
c:\users\gunko\onedrive\study\6th_sem\ris\rs_lr2\ris_2\ris_2_server\debug\pch.obj
c:\users\gunko\onedrive\study\6th_sem\ris\rs_lr2\ris_2\ris_2_server\debug\ris_2_server.obj
c:\users\gunko\onedrive\study\6th_sem\ris\rs_lr2\ris_2\debug\ris_2_server.exe
c:\users\gunko\onedrive\study\6th_sem\ris\rs_lr2\ris_2\debug\ris_2_server.ilk
c:\users\gunko\onedrive\study\6th_sem\ris\rs_lr2\ris_2\debug\ris_2_server.pdb
d:\university\6_sem\dis\labs\ris_2\ris_2_server\debug\pch.obj
d:\university\6_sem\dis\labs\ris_2\ris_2_server\debug\ris_2_server.obj
d:\university\6_sem\dis\labs\ris_2\ris_2_server\debug\ris_2_server.pch
d:\university\6_sem\dis\labs\ris_2\ris_2_server\debug\vc141.idb
d:\university\6_sem\dis\labs\ris_2\ris_2_server\debug\vc142.idb
d:\university\6_sem\dis\labs\ris_2\ris_2_server\debug\vc141.pdb
d:\university\6_sem\dis\labs\ris_2\ris_2_server\debug\vc142.pdb
d:\university\6_sem\dis\labs\ris_2\debug\ris_2_server.pdb
d:\university\6_sem\dis\labs\ris_2\debug\ris_2_server.exe
d:\university\6_sem\dis\labs\ris_2\debug\ris_2_server.ilk
d:\university\6_sem\dis\labs\ris_2\ris_2_server\debug\ris_2_server.tlog\cl.command.1.tlog
d:\university\6_sem\dis\labs\ris_2\ris_2_server\debug\ris_2_server.tlog\cl.read.1.tlog
d:\university\6_sem\dis\labs\ris_2\ris_2_server\debug\ris_2_server.tlog\cl.write.1.tlog
d:\university\6_sem\dis\labs\ris_2\ris_2_server\debug\ris_2_server.tlog\link.command.1.tlog
d:\university\6_sem\dis\labs\ris_2\ris_2_server\debug\ris_2_server.tlog\link.read.1.tlog
d:\university\6_sem\dis\labs\ris_2\ris_2_server\debug\ris_2_server.tlog\link.write.1.tlog
